C:\Users\Harry\Documents\VisualStudio2010\Projects\haridy\SAT\SAT\x64\Debug\link.4428.read.1.tlog
C:\Users\Harry\Documents\VisualStudio2010\Projects\haridy\SAT\SAT\x64\Debug\link.4428.write.1.tlog
C:\Users\Harry\Documents\VisualStudio2010\Projects\haridy\SAT\SAT\x64\Debug\link.4428-cvtres.read.1.tlog
C:\Users\Harry\Documents\VisualStudio2010\Projects\haridy\SAT\SAT\x64\Debug\link.4428-cvtres.write.1.tlog
C:\Users\Harry\Documents\VisualStudio2010\Projects\haridy\SAT\SAT\x64\Debug\link.command.1.tlog
C:\Users\Harry\Documents\VisualStudio2010\Projects\haridy\SAT\SAT\x64\Debug\link.read.1.tlog
C:\Users\Harry\Documents\VisualStudio2010\Projects\haridy\SAT\SAT\x64\Debug\link.write.1.tlog
C:\Users\Harry\Documents\VisualStudio2010\Projects\haridy\SAT\SAT\x64\Debug\link-cvtres.read.1.tlog
C:\Users\Harry\Documents\VisualStudio2010\Projects\haridy\SAT\SAT\x64\Debug\link-cvtres.write.1.tlog
C:\Users\Harry\Documents\VisualStudio2010\Projects\haridy\SAT\SAT\x64\Debug\main.cu.cache
C:\Users\Harry\Documents\VisualStudio2010\Projects\haridy\SAT\SAT\x64\Debug\main.cu.obj
C:\Users\Harry\Documents\VisualStudio2010\Projects\haridy\SAT\SAT\x64\Debug\mt.command.1.tlog
C:\Users\Harry\Documents\VisualStudio2010\Projects\haridy\SAT\SAT\x64\Debug\mt.read.1.tlog
C:\Users\Harry\Documents\VisualStudio2010\Projects\haridy\SAT\SAT\x64\Debug\mt.write.1.tlog
C:\Users\Harry\Documents\VisualStudio2010\Projects\haridy\SAT\SAT\x64\Debug\rc.command.1.tlog
C:\Users\Harry\Documents\VisualStudio2010\Projects\haridy\SAT\SAT\x64\Debug\rc.read.1.tlog
C:\Users\Harry\Documents\VisualStudio2010\Projects\haridy\SAT\SAT\x64\Debug\rc.write.1.tlog
C:\USERS\HARRY\DOCUMENTS\VISUALSTUDIO2010\PROJECTS\HARIDY\SAT\SAT\X64\DEBUG\SAT.DLL.EMBED.MANIFEST
C:\USERS\HARRY\DOCUMENTS\VISUALSTUDIO2010\PROJECTS\HARIDY\SAT\SAT\X64\DEBUG\SAT.DLL.EMBED.MANIFEST.RES
C:\USERS\HARRY\DOCUMENTS\VISUALSTUDIO2010\PROJECTS\HARIDY\SAT\SAT\X64\DEBUG\SAT.DLL.INTERMEDIATE.MANIFEST
C:\Users\Harry\Documents\VisualStudio2010\Projects\haridy\SAT\SAT\x64\Debug\SAT_manifest.rc
C:\USERS\HARRY\DOCUMENTS\VISUALSTUDIO2010\PROJECTS\HARIDY\SAT\X64\DEBUG\SAT.DLL
C:\USERS\HARRY\DOCUMENTS\VISUALSTUDIO2010\PROJECTS\HARIDY\SAT\X64\DEBUG\SAT.ILK
C:\USERS\HARRY\DOCUMENTS\VISUALSTUDIO2010\PROJECTS\HARIDY\SAT\X64\DEBUG\SAT.PDB
