Build started 03.12.2012 13:32:16.
     1>Project "D:\Dev\spatialbrowser\branches\haridy\SAT\SAT\SAT.vcxproj" on node 2 (rebuild target(s)).
     1>CudaClean:
         cmd.exe /C "C:\Users\Daum.BAUINFORMATIK\AppData\Local\Temp\tmp508db29af6ef4733b1230805b890a867.cmd"
         "C:\Program Files\NVIDIA GPU Computing Toolkit\CUDA\v5.0\bin\nvcc.exe" -ccbin "C:\Program Files (x86)\Microsoft Visual Studio 10.0\VC\bin\x86_amd64"  -I"C:\Program Files\NVIDIA GPU Computing Toolkit\CUDA\v5.0\include" -I"C:\Program Files\NVIDIA GPU Computing Toolkit\CUDA\v5.0\include"  -G   --keep-dir "x64\Debug" -maxrregcount=0 --ptxas-options=-v --machine 64 --compile  -g   -D_WINDLL -D_MBCS -Xcompiler "/EHsc /W3 /nologo /Od /Zi /RTC1 /MDd  " -o "x64\Debug\main.cu.obj" "D:\Dev\spatialbrowser\branches\haridy\SAT\SAT\main.cu" -clean
         
         D:\Dev\spatialbrowser\branches\haridy\SAT\SAT>"C:\Program Files\NVIDIA GPU Computing Toolkit\CUDA\v5.0\bin\nvcc.exe" -ccbin "C:\Program Files (x86)\Microsoft Visual Studio 10.0\VC\bin\x86_amd64"  -I"C:\Program Files\NVIDIA GPU Computing Toolkit\CUDA\v5.0\include" -I"C:\Program Files\NVIDIA GPU Computing Toolkit\CUDA\v5.0\include"  -G   --keep-dir "x64\Debug" -maxrregcount=0 --ptxas-options=-v --machine 64 --compile  -g   -D_WINDLL -D_MBCS -Xcompiler "/EHsc /W3 /nologo /Od /Zi /RTC1 /MDd  " -o "x64\Debug\main.cu.obj" "D:\Dev\spatialbrowser\branches\haridy\SAT\SAT\main.cu" -clean 
       InitializeBuildStatus:
         Creating "x64\Debug\SAT.unsuccessfulbuild" because "AlwaysCreate" was specified.
       AddCudaCompileDeps:
         C:\Program Files (x86)\Microsoft Visual Studio 10.0\VC\bin\x86_amd64\cl.exe /E /nologo /showIncludes /TP /D__CUDACC__ /D_WINDLL /D_MBCS /I"C:\Program Files\NVIDIA GPU Computing Toolkit\CUDA\v5.0\include" /I"C:\Program Files\NVIDIA GPU Computing Toolkit\CUDA\v5.0\bin" /I"C:\Program Files\NVIDIA GPU Computing Toolkit\CUDA\v5.0\include" /I. /FIcuda_runtime.h /c D:\Dev\spatialbrowser\branches\haridy\SAT\SAT\main.cu 
       CudaBuild:
         Compiling CUDA source file main.cu...
         cmd.exe /C "C:\Users\Daum.BAUINFORMATIK\AppData\Local\Temp\tmpfa2d2aaa1adb42029d9d45656d401af3.cmd"
         "C:\Program Files\NVIDIA GPU Computing Toolkit\CUDA\v5.0\bin\nvcc.exe" -gencode=arch=compute_20,code=\"sm_20,compute_20\" --use-local-env --cl-version 2010 -ccbin "C:\Program Files (x86)\Microsoft Visual Studio 10.0\VC\bin\x86_amd64"  -I"C:\Program Files\NVIDIA GPU Computing Toolkit\CUDA\v5.0\include" -I"C:\Program Files\NVIDIA GPU Computing Toolkit\CUDA\v5.0\include"  -G   --keep-dir "x64\Debug" -maxrregcount=0 --ptxas-options=-v --machine 64 --compile  -g   -D_WINDLL -D_MBCS -Xcompiler "/EHsc /W3 /nologo /Od /Zi /RTC1 /MDd  " -o "x64\Debug\main.cu.obj" "D:\Dev\spatialbrowser\branches\haridy\SAT\SAT\main.cu"
         
         D:\Dev\spatialbrowser\branches\haridy\SAT\SAT>"C:\Program Files\NVIDIA GPU Computing Toolkit\CUDA\v5.0\bin\nvcc.exe" -gencode=arch=compute_20,code=\"sm_20,compute_20\" --use-local-env --cl-version 2010 -ccbin "C:\Program Files (x86)\Microsoft Visual Studio 10.0\VC\bin\x86_amd64"  -I"C:\Program Files\NVIDIA GPU Computing Toolkit\CUDA\v5.0\include" -I"C:\Program Files\NVIDIA GPU Computing Toolkit\CUDA\v5.0\include"  -G   --keep-dir "x64\Debug" -maxrregcount=0 --ptxas-options=-v --machine 64 --compile  -g   -D_WINDLL -D_MBCS -Xcompiler "/EHsc /W3 /nologo /Od /Zi /RTC1 /MDd  " -o "x64\Debug\main.cu.obj" "D:\Dev\spatialbrowser\branches\haridy\SAT\SAT\main.cu" 
         main.cu
     1>D:/Dev/spatialbrowser/branches/haridy/SAT/SAT/main.cu(187): warning : __declspec attributes ignored
         
         tmpxft_00001e6c_00000000-2_main.cudafe1.gpu
         tmpxft_00001e6c_00000000-7_main.cudafe2.gpu
         main.cu
     1>D:/Dev/spatialbrowser/branches/haridy/SAT/SAT/main.cu(187): warning : __declspec attributes ignored
         
         ptxas : info : 0 bytes gmem
         ptxas : info : Function properties for __float2int_rz
             0 bytes stack frame, 0 bytes spill stores, 0 bytes spill loads
         ptxas : info : Function properties for _Z14IsIntersectingP9GPUOctantP11GPUTriangle
             184 bytes stack frame, 60 bytes spill stores, 60 bytes spill loads
         ptxas : info : Function properties for _Z18intervalIntersectsP6float3PfS1_S1_S1_
             56 bytes stack frame, 32 bytes spill stores, 32 bytes spill loads
         ptxas : info : Function properties for _ZN9GPUOctantC1Ev
             0 bytes stack frame, 0 bytes spill stores, 0 bytes spill loads
         ptxas : info : Function properties for _Z13CrossMultiplyPfP6float3S1_
             0 bytes stack frame, 0 bytes spill stores, 0 bytes spill loads
         ptxas : info : Compiling entry function 'SAT' for 'sm_20'
         ptxas : info : Function properties for SAT
             72 bytes stack frame, 0 bytes spill stores, 0 bytes spill loads
         ptxas : info : Used 34 registers, 352 bytes cumulative stack size, 60 bytes cmem[0]
         ptxas : info : Function properties for _Z6minMaxPfS_S_S_S_
             40 bytes stack frame, 40 bytes spill stores, 40 bytes spill loads
         ptxas : info : Function properties for _ZN19GPUCubicBoundingBoxC1Ev
             8 bytes stack frame, 0 bytes spill stores, 0 bytes spill loads
         ptxas : info : Function properties for fabsf
             0 bytes stack frame, 0 bytes spill stores, 0 bytes spill loads
         tmpxft_00001e6c_00000000-2_main.cudafe1.cpp
         tmpxft_00001e6c_00000000-12_main.ii
       ManifestResourceCompile:
         C:\Program Files (x86)\Microsoft SDKs\Windows\v7.0A\bin\rc.exe /nologo /fo"x64\Debug\SAT.dll.embed.manifest.res" x64\Debug\SAT_manifest.rc 
       Link:
         C:\Program Files (x86)\Microsoft Visual Studio 10.0\VC\bin\x86_amd64\link.exe /ERRORREPORT:PROMPT /OUT:"D:\Dev\spatialbrowser\branches\haridy\SAT\x64\Debug\SAT.dll" /INCREMENTAL /NOLOGO /LIBPATH:"C:\Program Files\NVIDIA GPU Computing Toolkit\CUDA\v5.0\lib\x64" cudart.lib kernel32.lib user32.lib gdi32.lib winspool.lib comdlg32.lib advapi32.lib shell32.lib ole32.lib oleaut32.lib uuid.lib odbc32.lib odbccp32.lib kernel32.lib user32.lib gdi32.lib winspool.lib comdlg32.lib advapi32.lib shell32.lib ole32.lib oleaut32.lib uuid.lib odbc32.lib odbccp32.lib /MANIFEST /ManifestFile:"x64\Debug\SAT.dll.intermediate.manifest" /MANIFESTUAC:"level='asInvoker' uiAccess='false'" /DEBUG /PDB:"D:\Dev\spatialbrowser\branches\haridy\SAT\x64\Debug\SAT.pdb" /SUBSYSTEM:CONSOLE /TLBID:1 /DYNAMICBASE /NXCOMPAT /IMPLIB:"D:\Dev\spatialbrowser\branches\haridy\SAT\x64\Debug\SAT.lib" /MACHINE:X64 /DLL x64\Debug\main.cu.obj
         x64\Debug\SAT.dll.embed.manifest.res
            Creating library D:\Dev\spatialbrowser\branches\haridy\SAT\x64\Debug\SAT.lib and object D:\Dev\spatialbrowser\branches\haridy\SAT\x64\Debug\SAT.exp
         SAT.vcxproj -> D:\Dev\spatialbrowser\branches\haridy\SAT\x64\Debug\SAT.dll
       Manifest:
         Deleting file "x64\Debug\SAT.dll.embed.manifest".
         C:\Program Files (x86)\Microsoft SDKs\Windows\v7.0A\bin\mt.exe /nologo /verbose /out:"x64\Debug\SAT.dll.embed.manifest" /manifest x64\Debug\SAT.dll.intermediate.manifest
         C:\Program Files (x86)\Microsoft SDKs\Windows\v7.0A\bin\rc.exe /nologo /fo"x64\Debug\SAT.dll.embed.manifest.res" x64\Debug\SAT_manifest.rc 
       LinkEmbedManifest:
         C:\Program Files (x86)\Microsoft Visual Studio 10.0\VC\bin\x86_amd64\link.exe /ERRORREPORT:PROMPT /OUT:"D:\Dev\spatialbrowser\branches\haridy\SAT\x64\Debug\SAT.dll" /INCREMENTAL /NOLOGO /LIBPATH:"C:\Program Files\NVIDIA GPU Computing Toolkit\CUDA\v5.0\lib\x64" cudart.lib kernel32.lib user32.lib gdi32.lib winspool.lib comdlg32.lib advapi32.lib shell32.lib ole32.lib oleaut32.lib uuid.lib odbc32.lib odbccp32.lib kernel32.lib user32.lib gdi32.lib winspool.lib comdlg32.lib advapi32.lib shell32.lib ole32.lib oleaut32.lib uuid.lib odbc32.lib odbccp32.lib /MANIFEST /ManifestFile:"x64\Debug\SAT.dll.intermediate.manifest" /MANIFESTUAC:"level='asInvoker' uiAccess='false'" /DEBUG /PDB:"D:\Dev\spatialbrowser\branches\haridy\SAT\x64\Debug\SAT.pdb" /SUBSYSTEM:CONSOLE /TLBID:1 /DYNAMICBASE /NXCOMPAT /IMPLIB:"D:\Dev\spatialbrowser\branches\haridy\SAT\x64\Debug\SAT.lib" /MACHINE:X64 /DLL x64\Debug\main.cu.obj
         x64\Debug\SAT.dll.embed.manifest.res
            Creating library D:\Dev\spatialbrowser\branches\haridy\SAT\x64\Debug\SAT.lib and object D:\Dev\spatialbrowser\branches\haridy\SAT\x64\Debug\SAT.exp
         SAT.vcxproj -> D:\Dev\spatialbrowser\branches\haridy\SAT\x64\Debug\SAT.dll
       PostBuildEvent:
         echo copy "C:\Program Files\NVIDIA GPU Computing Toolkit\CUDA\v5.0\bin\cudart*.dll" "D:\Dev\spatialbrowser\branches\haridy\SAT\x64\Debug\"
         copy "C:\Program Files\NVIDIA GPU Computing Toolkit\CUDA\v5.0\bin\cudart*.dll" "D:\Dev\spatialbrowser\branches\haridy\SAT\x64\Debug\"
         :VCEnd
         copy "C:\Program Files\NVIDIA GPU Computing Toolkit\CUDA\v5.0\bin\cudart*.dll" "D:\Dev\spatialbrowser\branches\haridy\SAT\x64\Debug\"
         C:\Program Files\NVIDIA GPU Computing Toolkit\CUDA\v5.0\bin\cudart32_50_35.dll
         C:\Program Files\NVIDIA GPU Computing Toolkit\CUDA\v5.0\bin\cudart64_50_35.dll
                 2 Datei(en) kopiert.
       FinalizeBuildStatus:
         Deleting file "x64\Debug\SAT.unsuccessfulbuild".
         Touching "x64\Debug\SAT.lastbuildstate".
     1>Done Building Project "D:\Dev\spatialbrowser\branches\haridy\SAT\SAT\SAT.vcxproj" (rebuild target(s)).

Build succeeded.

Time Elapsed 00:00:07.62
