Build started 5/24/2013 6:35:14 PM.
     1>Project "C:\Users\Harry\Documents\VisualStudio2010\Projects\haridy\SAT\SAT\SAT.vcxproj" on node 2 (build target(s)).
     1>InitializeBuildStatus:
         Creating "x64\Release\OctantTriangleIntesectionGPU.unsuccessfulbuild" because "AlwaysCreate" was specified.
       AddCudaCompileDeps:
         C:\Program Files (x86)\Microsoft Visual Studio 10.0\VC\bin\x86_amd64\cl.exe /E /nologo /showIncludes /TP /D__CUDACC__ /D_WINDLL /D_MBCS /I"C:\Program Files\NVIDIA GPU Computing Toolkit\CUDA\v5.0\include" /I"C:\Program Files\NVIDIA GPU Computing Toolkit\CUDA\v5.0\bin" /I"C:\Program Files\NVIDIA GPU Computing Toolkit\CUDA\v5.0\include" /I. /FIcuda_runtime.h /c C:\Users\Harry\Documents\VisualStudio2010\Projects\haridy\SAT\SAT\main.cu 
       AddCudaCompilePropsDeps:
       Skipping target "AddCudaCompilePropsDeps" because all output files are up-to-date with respect to the input files.
       CudaBuild:
         Compiling CUDA source file main.cu...
         cmd.exe /C "C:\Users\Harry\AppData\Local\Temp\5ca14d000aa74d969b57e1fefb4ce591.cmd"
         "C:\Program Files\NVIDIA GPU Computing Toolkit\CUDA\v5.0\bin\nvcc.exe" -gencode=arch=compute_20,code=\"sm_20,compute_20\" --use-local-env --cl-version 2010 -ccbin "C:\Program Files (x86)\Microsoft Visual Studio 10.0\VC\bin\x86_amd64"  -I"C:\Program Files\NVIDIA GPU Computing Toolkit\CUDA\v5.0\include" -I"C:\Program Files\NVIDIA GPU Computing Toolkit\CUDA\v5.0\include"     --keep-dir "x64\Release" -maxrregcount=0  --machine 64 --compile     -D_WINDLL -D_MBCS -Xcompiler "/EHsc /W3 /nologo /O2 /Zi  /MD  " -o "x64\Release\main.cu.obj" "C:\Users\Harry\Documents\VisualStudio2010\Projects\haridy\SAT\SAT\main.cu"
         
         C:\Users\Harry\Documents\VisualStudio2010\Projects\haridy\SAT\SAT>"C:\Program Files\NVIDIA GPU Computing Toolkit\CUDA\v5.0\bin\nvcc.exe" -gencode=arch=compute_20,code=\"sm_20,compute_20\" --use-local-env --cl-version 2010 -ccbin "C:\Program Files (x86)\Microsoft Visual Studio 10.0\VC\bin\x86_amd64"  -I"C:\Program Files\NVIDIA GPU Computing Toolkit\CUDA\v5.0\include" -I"C:\Program Files\NVIDIA GPU Computing Toolkit\CUDA\v5.0\include"     --keep-dir "x64\Release" -maxrregcount=0  --machine 64 --compile     -D_WINDLL -D_MBCS -Xcompiler "/EHsc /W3 /nologo /O2 /Zi  /MD  " -o "x64\Release\main.cu.obj" "C:\Users\Harry\Documents\VisualStudio2010\Projects\haridy\SAT\SAT\main.cu" 
         main.cu
         tmpxft_000016e4_00000000-2_main.cudafe1.gpu
         tmpxft_000016e4_00000000-7_main.cudafe2.gpu
         main.cu
         tmpxft_000016e4_00000000-2_main.cudafe1.cpp
         tmpxft_000016e4_00000000-12_main.ii
       ManifestResourceCompile:
         All outputs are up-to-date.
       Link:
         C:\Program Files (x86)\Microsoft Visual Studio 10.0\VC\bin\x86_amd64\link.exe /ERRORREPORT:PROMPT /OUT:"C:\Users\Harry\Documents\VisualStudio2010\Projects\haridy\SAT\x64\Release\OctantTriangleIntesectionGPU.dll" /INCREMENTAL /NOLOGO /LIBPATH:"C:\Program Files\NVIDIA GPU Computing Toolkit\CUDA\v5.0\lib\x64" cudart.lib kernel32.lib user32.lib gdi32.lib winspool.lib comdlg32.lib advapi32.lib shell32.lib ole32.lib oleaut32.lib uuid.lib odbc32.lib odbccp32.lib kernel32.lib user32.lib gdi32.lib winspool.lib comdlg32.lib advapi32.lib shell32.lib ole32.lib oleaut32.lib uuid.lib odbc32.lib odbccp32.lib /MANIFEST /ManifestFile:"x64\Release\OctantTriangleIntesectionGPU.dll.intermediate.manifest" /MANIFESTUAC:"level='asInvoker' uiAccess='false'" /DEBUG /PDB:"C:\Users\Harry\Documents\VisualStudio2010\Projects\haridy\SAT\x64\Release\OctantTriangleIntesectionGPU.pdb" /SUBSYSTEM:CONSOLE /OPT:REF /OPT:ICF /LTCG /TLBID:1 /DYNAMICBASE /NXCOMPAT /IMPLIB:"C:\Users\Harry\Documents\VisualStudio2010\Projects\haridy\SAT\x64\Release\OctantTriangleIntesectionGPU.lib" /MACHINE:X64 /DLL x64\Release\main.cu.obj
         x64\Release\OctantTriangleIntesectionGPU.dll.embed.manifest.res
     1>LINK : warning LNK4075: ignoring '/INCREMENTAL' due to '/LTCG' specification
            Creating library C:\Users\Harry\Documents\VisualStudio2010\Projects\haridy\SAT\x64\Release\OctantTriangleIntesectionGPU.lib and object C:\Users\Harry\Documents\VisualStudio2010\Projects\haridy\SAT\x64\Release\OctantTriangleIntesectionGPU.exp
         LINK : /LTCG specified but no code generation required; remove /LTCG from the link command line to improve linker performance
         SAT.vcxproj -> C:\Users\Harry\Documents\VisualStudio2010\Projects\haridy\SAT\x64\Release\OctantTriangleIntesectionGPU.dll
       Manifest:
         C:\Program Files (x86)\Microsoft SDKs\Windows\v7.0A\bin\mt.exe /nologo /verbose /out:"x64\Release\OctantTriangleIntesectionGPU.dll.embed.manifest" /manifest x64\Release\OctantTriangleIntesectionGPU.dll.intermediate.manifest
         All outputs are up-to-date.
       LinkEmbedManifest:
         All outputs are up-to-date.
         SAT.vcxproj -> C:\Users\Harry\Documents\VisualStudio2010\Projects\haridy\SAT\x64\Release\OctantTriangleIntesectionGPU.dll
       PostBuildEvent:
         echo copy "C:\Program Files\NVIDIA GPU Computing Toolkit\CUDA\v5.0\bin\cudart*.dll" "C:\Users\Harry\Documents\VisualStudio2010\Projects\haridy\SAT\x64\Release\"
         copy "C:\Program Files\NVIDIA GPU Computing Toolkit\CUDA\v5.0\bin\cudart*.dll" "C:\Users\Harry\Documents\VisualStudio2010\Projects\haridy\SAT\x64\Release\"
         :VCEnd
         copy "C:\Program Files\NVIDIA GPU Computing Toolkit\CUDA\v5.0\bin\cudart*.dll" "C:\Users\Harry\Documents\VisualStudio2010\Projects\haridy\SAT\x64\Release\"
         C:\Program Files\NVIDIA GPU Computing Toolkit\CUDA\v5.0\bin\cudart32_50_35.dll
         C:\Program Files\NVIDIA GPU Computing Toolkit\CUDA\v5.0\bin\cudart64_50_35.dll
                 2 file(s) copied.
       FinalizeBuildStatus:
         Deleting file "x64\Release\OctantTriangleIntesectionGPU.unsuccessfulbuild".
         Touching "x64\Release\OctantTriangleIntesectionGPU.lastbuildstate".
     1>Done Building Project "C:\Users\Harry\Documents\VisualStudio2010\Projects\haridy\SAT\SAT\SAT.vcxproj" (build target(s)).

Build succeeded.

Time Elapsed 00:00:33.11
