C:\USERS\HARRY\DOCUMENTS\VISUAL STUDIO 2010\PROJECTS\SAT\DEBUG\SAT.EXE
C:\USERS\HARRY\DOCUMENTS\VISUAL STUDIO 2010\PROJECTS\SAT\DEBUG\SAT.ILK
C:\USERS\HARRY\DOCUMENTS\VISUAL STUDIO 2010\PROJECTS\SAT\DEBUG\SAT.PDB
c:\Users\Harry\documents\visual studio 2010\Projects\SAT\SAT\Debug\kernel.cu.cache
c:\Users\Harry\documents\visual studio 2010\Projects\SAT\SAT\Debug\kernel.cu.obj
c:\Users\Harry\documents\visual studio 2010\Projects\SAT\SAT\Debug\link.2636.read.1.tlog
c:\Users\Harry\documents\visual studio 2010\Projects\SAT\SAT\Debug\link.2636.write.1.tlog
c:\Users\Harry\documents\visual studio 2010\Projects\SAT\SAT\Debug\link.2636-cvtres.read.1.tlog
c:\Users\Harry\documents\visual studio 2010\Projects\SAT\SAT\Debug\link.2636-cvtres.write.1.tlog
c:\Users\Harry\documents\visual studio 2010\Projects\SAT\SAT\Debug\link.3964.read.1.tlog
c:\Users\Harry\documents\visual studio 2010\Projects\SAT\SAT\Debug\link.3964.write.1.tlog
c:\Users\Harry\documents\visual studio 2010\Projects\SAT\SAT\Debug\link.3964-cvtres.read.1.tlog
c:\Users\Harry\documents\visual studio 2010\Projects\SAT\SAT\Debug\link.3964-cvtres.write.1.tlog
c:\Users\Harry\documents\visual studio 2010\Projects\SAT\SAT\Debug\link.command.1.tlog
c:\Users\Harry\documents\visual studio 2010\Projects\SAT\SAT\Debug\link.read.1.tlog
c:\Users\Harry\documents\visual studio 2010\Projects\SAT\SAT\Debug\link.write.1.tlog
c:\Users\Harry\documents\visual studio 2010\Projects\SAT\SAT\Debug\link-cvtres.read.1.tlog
c:\Users\Harry\documents\visual studio 2010\Projects\SAT\SAT\Debug\link-cvtres.write.1.tlog
c:\Users\Harry\documents\visual studio 2010\Projects\SAT\SAT\Debug\main.cu.cache
c:\Users\Harry\documents\visual studio 2010\Projects\SAT\SAT\Debug\main.cu.obj
c:\Users\Harry\documents\visual studio 2010\Projects\SAT\SAT\Debug\mt.command.1.tlog
c:\Users\Harry\documents\visual studio 2010\Projects\SAT\SAT\Debug\mt.read.1.tlog
c:\Users\Harry\documents\visual studio 2010\Projects\SAT\SAT\Debug\mt.write.1.tlog
c:\Users\Harry\documents\visual studio 2010\Projects\SAT\SAT\Debug\rc.command.1.tlog
c:\Users\Harry\documents\visual studio 2010\Projects\SAT\SAT\Debug\rc.read.1.tlog
c:\Users\Harry\documents\visual studio 2010\Projects\SAT\SAT\Debug\rc.write.1.tlog
c:\Users\Harry\documents\visual studio 2010\Projects\SAT\SAT\Debug\SAT.cu.cache
c:\Users\Harry\documents\visual studio 2010\Projects\SAT\SAT\Debug\SAT.cu.obj
C:\USERS\HARRY\DOCUMENTS\VISUAL STUDIO 2010\PROJECTS\SAT\SAT\DEBUG\SAT.EXE.EMBED.MANIFEST
C:\USERS\HARRY\DOCUMENTS\VISUAL STUDIO 2010\PROJECTS\SAT\SAT\DEBUG\SAT.EXE.EMBED.MANIFEST.RES
C:\USERS\HARRY\DOCUMENTS\VISUAL STUDIO 2010\PROJECTS\SAT\SAT\DEBUG\SAT.EXE.INTERMEDIATE.MANIFEST
c:\Users\Harry\documents\visual studio 2010\Projects\SAT\SAT\Debug\SAT_manifest.rc
